<?xml version="1.0" encoding="UTF-8" ?>
<testsuite failures="0" time="0.044" errors="1" skipped="0" tests="1" name="svntool.svntool.TestPacotes">
  <properties>
    <property name="java.runtime.name" value="Java(TM) SE Runtime Environment"/>
    <property name="sun.boot.library.path" value="C:\jdk1.6.0_27\jre\bin"/>
    <property name="java.vm.version" value="20.2-b06"/>
    <property name="java.vm.vendor" value="Sun Microsystems Inc."/>
    <property name="java.vendor.url" value="http://java.sun.com/"/>
    <property name="path.separator" value=";"/>
    <property name="java.vm.name" value="Java HotSpot(TM) 64-Bit Server VM"/>
    <property name="file.encoding.pkg" value="sun.io"/>
    <property name="user.country" value="BR"/>
    <property name="sun.java.launcher" value="SUN_STANDARD"/>
    <property name="sun.os.patch.level" value="Service Pack 1"/>
    <property name="java.vm.specification.name" value="Java Virtual Machine Specification"/>
    <property name="user.dir" value="C:\Workspace\SvnKit\svntool"/>
    <property name="java.runtime.version" value="1.6.0_27-b07"/>
    <property name="java.awt.graphicsenv" value="sun.awt.Win32GraphicsEnvironment"/>
    <property name="basedir" value="C:\Workspace\SvnKit\svntool"/>
    <property name="java.endorsed.dirs" value="C:\jdk1.6.0_27\jre\lib\endorsed"/>
    <property name="os.arch" value="amd64"/>
    <property name="surefire.real.class.path" value="C:\Users\THIARL~1.GOM\AppData\Local\Temp\surefirebooter7994324339118203930.jar"/>
    <property name="java.io.tmpdir" value="C:\Users\THIARL~1.GOM\AppData\Local\Temp\"/>
    <property name="line.separator" value="
"/>
    <property name="java.vm.specification.vendor" value="Sun Microsystems Inc."/>
    <property name="user.variant" value=""/>
    <property name="os.name" value="Windows 7"/>
    <property name="sun.jnu.encoding" value="Cp1252"/>
    <property name="java.library.path" value="C:\jdk1.6.0_27\jre\bin;C:\windows\Sun\Java\bin;C:\windows\system32;C:\windows;C:/Program Files (x86)/Java/jre1.8.0_71/bin/client;C:/Program Files (x86)/Java/jre1.8.0_71/bin;C:/Program Files (x86)/Java/jre1.8.0_71/lib/i386;C:\ProgramData\Oracle\Java\javapath;C:\oracle\product\11.2.0\client_5;C:\oracle\product\11.2.0\client_5\bin;C:\app\thiarlles.gomes\product\11.2.0\client_4;C:\app\thiarlles.gomes\product\11.2.0\client_4\bin;C:\oracle\product\11.2.0\client_4;C:\oracle\product\11.2.0\client_4\bin;C:\oracle\product\11.2.0\client_2;C:\oracle\product\11.2.0\client_2\bin;C:\oracle\product\11.2.0\client_1;C:\oracle\product\11.2.0\client_1\bin;C:\windows\system32;C:\windows;C:\windows\System32\Wbem;C:\windows\System32\WindowsPowerShell\v1.0\;C:\windows\System32\WindowsPowerShell\v1.0\;C:\apache-maven-2.2.1\bin;C:\Program Files (x86)\cvsnt;C:\jdk1.6.0_27\bin;C:\Program Files\TortoiseSVN\bin;C:\ambiente\jdk1.6.0_27\bin;C:\Users\thiarlles.gomes\Desktop\Admin\eclipse-sysaud2.0;;."/>
    <property name="surefire.test.class.path" value="C:\Workspace\SvnKit\svntool\target\test-classes;C:\Workspace\SvnKit\svntool\target\classes;C:\Users\thiarlles.gomes\.m2\repository\junit\junit\4.4\junit-4.4.jar;C:\Users\thiarlles.gomes\.m2\repository\org\tmatesoft\svnkit\svnkit\1.8.11\svnkit-1.8.11.jar;C:\Users\thiarlles.gomes\.m2\repository\com\jcraft\jsch.agentproxy.svnkit-trilead-ssh2\0.0.7\jsch.agentproxy.svnkit-trilead-ssh2-0.0.7.jar;C:\Users\thiarlles.gomes\.m2\repository\com\trilead\trilead-ssh2\1.0.0-build220\trilead-ssh2-1.0.0-build220.jar;C:\Users\thiarlles.gomes\.m2\repository\com\jcraft\jsch.agentproxy.core\0.0.7\jsch.agentproxy.core-0.0.7.jar;C:\Users\thiarlles.gomes\.m2\repository\net\java\dev\jna\jna-platform\4.1.0\jna-platform-4.1.0.jar;C:\Users\thiarlles.gomes\.m2\repository\net\java\dev\jna\jna\4.1.0\jna-4.1.0.jar;C:\Users\thiarlles.gomes\.m2\repository\com\jcraft\jsch.agentproxy.connector-factory\0.0.7\jsch.agentproxy.connector-factory-0.0.7.jar;C:\Users\thiarlles.gomes\.m2\repository\com\jcraft\jsch.agentproxy.usocket-jna\0.0.7\jsch.agentproxy.usocket-jna-0.0.7.jar;C:\Users\thiarlles.gomes\.m2\repository\net\java\dev\jna\platform\3.4.0\platform-3.4.0.jar;C:\Users\thiarlles.gomes\.m2\repository\com\jcraft\jsch.agentproxy.usocket-nc\0.0.7\jsch.agentproxy.usocket-nc-0.0.7.jar;C:\Users\thiarlles.gomes\.m2\repository\com\jcraft\jsch.agentproxy.sshagent\0.0.7\jsch.agentproxy.sshagent-0.0.7.jar;C:\Users\thiarlles.gomes\.m2\repository\com\jcraft\jsch.agentproxy.pageant\0.0.7\jsch.agentproxy.pageant-0.0.7.jar;C:\Users\thiarlles.gomes\.m2\repository\de\regnis\q\sequence\sequence-library\1.0.3\sequence-library-1.0.3.jar;C:\Users\thiarlles.gomes\.m2\repository\org\tmatesoft\sqljet\sqljet\1.1.10\sqljet-1.1.10.jar;C:\Users\thiarlles.gomes\.m2\repository\org\antlr\antlr-runtime\3.4\antlr-runtime-3.4.jar;"/>
    <property name="java.specification.name" value="Java Platform API Specification"/>
    <property name="java.class.version" value="50.0"/>
    <property name="sun.management.compiler" value="HotSpot 64-Bit Tiered Compilers"/>
    <property name="os.version" value="6.1"/>
    <property name="user.home" value="C:\Users\thiarlles.gomes"/>
    <property name="user.timezone" value=""/>
    <property name="java.awt.printerjob" value="sun.awt.windows.WPrinterJob"/>
    <property name="java.specification.version" value="1.6"/>
    <property name="file.encoding" value="Cp1252"/>
    <property name="user.name" value="thiarlles.gomes"/>
    <property name="java.class.path" value="C:\Workspace\SvnKit\svntool\target\test-classes;C:\Workspace\SvnKit\svntool\target\classes;C:\Users\thiarlles.gomes\.m2\repository\junit\junit\4.4\junit-4.4.jar;C:\Users\thiarlles.gomes\.m2\repository\org\tmatesoft\svnkit\svnkit\1.8.11\svnkit-1.8.11.jar;C:\Users\thiarlles.gomes\.m2\repository\com\jcraft\jsch.agentproxy.svnkit-trilead-ssh2\0.0.7\jsch.agentproxy.svnkit-trilead-ssh2-0.0.7.jar;C:\Users\thiarlles.gomes\.m2\repository\com\trilead\trilead-ssh2\1.0.0-build220\trilead-ssh2-1.0.0-build220.jar;C:\Users\thiarlles.gomes\.m2\repository\com\jcraft\jsch.agentproxy.core\0.0.7\jsch.agentproxy.core-0.0.7.jar;C:\Users\thiarlles.gomes\.m2\repository\net\java\dev\jna\jna-platform\4.1.0\jna-platform-4.1.0.jar;C:\Users\thiarlles.gomes\.m2\repository\net\java\dev\jna\jna\4.1.0\jna-4.1.0.jar;C:\Users\thiarlles.gomes\.m2\repository\com\jcraft\jsch.agentproxy.connector-factory\0.0.7\jsch.agentproxy.connector-factory-0.0.7.jar;C:\Users\thiarlles.gomes\.m2\repository\com\jcraft\jsch.agentproxy.usocket-jna\0.0.7\jsch.agentproxy.usocket-jna-0.0.7.jar;C:\Users\thiarlles.gomes\.m2\repository\net\java\dev\jna\platform\3.4.0\platform-3.4.0.jar;C:\Users\thiarlles.gomes\.m2\repository\com\jcraft\jsch.agentproxy.usocket-nc\0.0.7\jsch.agentproxy.usocket-nc-0.0.7.jar;C:\Users\thiarlles.gomes\.m2\repository\com\jcraft\jsch.agentproxy.sshagent\0.0.7\jsch.agentproxy.sshagent-0.0.7.jar;C:\Users\thiarlles.gomes\.m2\repository\com\jcraft\jsch.agentproxy.pageant\0.0.7\jsch.agentproxy.pageant-0.0.7.jar;C:\Users\thiarlles.gomes\.m2\repository\de\regnis\q\sequence\sequence-library\1.0.3\sequence-library-1.0.3.jar;C:\Users\thiarlles.gomes\.m2\repository\org\tmatesoft\sqljet\sqljet\1.1.10\sqljet-1.1.10.jar;C:\Users\thiarlles.gomes\.m2\repository\org\antlr\antlr-runtime\3.4\antlr-runtime-3.4.jar;"/>
    <property name="java.vm.specification.version" value="1.0"/>
    <property name="sun.arch.data.model" value="64"/>
    <property name="java.home" value="C:\jdk1.6.0_27\jre"/>
    <property name="sun.java.command" value="C:\Users\THIARL~1.GOM\AppData\Local\Temp\surefirebooter7994324339118203930.jar C:\Users\THIARL~1.GOM\AppData\Local\Temp\surefire3422968908324997818tmp C:\Users\THIARL~1.GOM\AppData\Local\Temp\surefire2471263714796081481tmp"/>
    <property name="java.specification.vendor" value="Sun Microsystems Inc."/>
    <property name="user.language" value="pt"/>
    <property name="awt.toolkit" value="sun.awt.windows.WToolkit"/>
    <property name="java.vm.info" value="mixed mode"/>
    <property name="java.version" value="1.6.0_27"/>
    <property name="java.ext.dirs" value="C:\jdk1.6.0_27\jre\lib\ext;C:\windows\Sun\Java\lib\ext"/>
    <property name="sun.boot.class.path" value="C:\jdk1.6.0_27\jre\lib\resources.jar;C:\jdk1.6.0_27\jre\lib\rt.jar;C:\jdk1.6.0_27\jre\lib\sunrsasign.jar;C:\jdk1.6.0_27\jre\lib\jsse.jar;C:\jdk1.6.0_27\jre\lib\jce.jar;C:\jdk1.6.0_27\jre\lib\charsets.jar;C:\jdk1.6.0_27\jre\lib\modules\jdk.boot.jar;C:\jdk1.6.0_27\jre\classes"/>
    <property name="java.vendor" value="Sun Microsystems Inc."/>
    <property name="localRepository" value="C:\Users\thiarlles.gomes\.m2\repository"/>
    <property name="file.separator" value="\"/>
    <property name="java.vendor.url.bug" value="http://java.sun.com/cgi-bin/bugreport.cgi"/>
    <property name="sun.cpu.endian" value="little"/>
    <property name="sun.io.unicode.encoding" value="UnicodeLittle"/>
    <property name="sun.desktop" value="windows"/>
    <property name="sun.cpu.isalist" value="amd64"/>
  </properties>
  <testcase time="0.011" classname="svntool.svntool.TestPacotes" name="testIntegridadePacotes">
    <error message="Can&apos;t find bundle for base name properties.ambiente, locale pt_BR" type="java.util.MissingResourceException">java.util.MissingResourceException: Can&apos;t find bundle for base name properties.ambiente, locale pt_BR
	at java.util.ResourceBundle.throwMissingResourceException(ResourceBundle.java:1427)
	at java.util.ResourceBundle.getBundleImpl(ResourceBundle.java:1250)
	at java.util.ResourceBundle.getBundle(ResourceBundle.java:705)
	at svntool.svntool.TestPacotes.testIntegridadePacotes(TestPacotes.java:14)
	at sun.reflect.NativeMethodAccessorImpl.invoke0(Native Method)
	at sun.reflect.NativeMethodAccessorImpl.invoke(NativeMethodAccessorImpl.java:39)
	at sun.reflect.DelegatingMethodAccessorImpl.invoke(DelegatingMethodAccessorImpl.java:25)
	at java.lang.reflect.Method.invoke(Method.java:597)
	at org.junit.internal.runners.TestMethod.invoke(TestMethod.java:59)
	at org.junit.internal.runners.MethodRoadie.runTestMethod(MethodRoadie.java:98)
	at org.junit.internal.runners.MethodRoadie$2.run(MethodRoadie.java:79)
	at org.junit.internal.runners.MethodRoadie.runBeforesThenTestThenAfters(MethodRoadie.java:87)
	at org.junit.internal.runners.MethodRoadie.runTest(MethodRoadie.java:77)
	at org.junit.internal.runners.MethodRoadie.run(MethodRoadie.java:42)
	at org.junit.internal.runners.JUnit4ClassRunner.invokeTestMethod(JUnit4ClassRunner.java:88)
	at org.junit.internal.runners.JUnit4ClassRunner.runMethods(JUnit4ClassRunner.java:51)
	at org.junit.internal.runners.JUnit4ClassRunner$1.run(JUnit4ClassRunner.java:44)
	at org.junit.internal.runners.ClassRoadie.runUnprotected(ClassRoadie.java:27)
	at org.junit.internal.runners.ClassRoadie.runProtected(ClassRoadie.java:37)
	at org.junit.internal.runners.JUnit4ClassRunner.run(JUnit4ClassRunner.java:42)
	at org.apache.maven.surefire.junit4.JUnit4TestSet.execute(JUnit4TestSet.java:62)
	at org.apache.maven.surefire.suite.AbstractDirectoryTestSuite.executeTestSet(AbstractDirectoryTestSuite.java:140)
	at org.apache.maven.surefire.suite.AbstractDirectoryTestSuite.execute(AbstractDirectoryTestSuite.java:127)
	at org.apache.maven.surefire.Surefire.run(Surefire.java:177)
	at sun.reflect.NativeMethodAccessorImpl.invoke0(Native Method)
	at sun.reflect.NativeMethodAccessorImpl.invoke(NativeMethodAccessorImpl.java:39)
	at sun.reflect.DelegatingMethodAccessorImpl.invoke(DelegatingMethodAccessorImpl.java:25)
	at java.lang.reflect.Method.invoke(Method.java:597)
	at org.apache.maven.surefire.booter.SurefireBooter.runSuitesInProcess(SurefireBooter.java:345)
	at org.apache.maven.surefire.booter.SurefireBooter.main(SurefireBooter.java:1009)
</error>
  </testcase>
</testsuite>